<?xml version="1.0" encoding="UTF-8" standalone="no"?>
<testsuite failures="0" name="cucumber.runtime.formatter.JUnitFormatter" skipped="0" tests="34" time="579.592875">
<testcase classname="Deal data creationfor compinies" name="Free CRM Create a new deal scenario" time="65.23225">
<system-out><![CDATA[Given user is already on Login Page.........................................passed
When title of login page is Free CRM........................................passed
Then user enters username and password......................................passed
Then click on companies and click new company...............................passed
Then complete the details...................................................passed
Then Close the browser......................................................passed
]]></system-out>
</testcase>
<testcase classname="Deal data creationfor compinies" name="Free CRM Edit a new deal scenario" time="71.146406">
<system-out><![CDATA[Given user is already on Login Page.........................................passed
When title of login page is Free CRM........................................passed
Then user enters username and password......................................passed
Then user clicks on particular company and edit that........................passed
Then save the company details...............................................passed
Then Close the browser......................................................passed
]]></system-out>
</testcase>
<testcase classname="Free CRM Create Contacts" name="Free CRM Create a new contact scenario" time="64.952803">
<system-out><![CDATA[Given user is already on Login Page.........................................passed
When title of login page is Free CRM........................................passed
Then user enters "batchautomation" and "Test@12345".........................passed
Then user clicks on login button............................................passed
Then user is on home page...................................................passed
Then user moves to new contact page.........................................passed
Then user enters contact details "Tom" and "Peter" and "Manager"............passed
Then Close the browser......................................................passed
]]></system-out>
</testcase>
<testcase classname="Free CRM Create Contacts" name="Free CRM Create a new contact scenario 2" time="48.531235">
<system-out><![CDATA[Given user is already on Login Page.........................................passed
When title of login page is Free CRM........................................passed
Then user enters "batchautomation" and "Test@12345".........................passed
Then user clicks on login button............................................passed
Then user is on home page...................................................passed
Then user moves to new contact page.........................................passed
Then user enters contact details "David" and "Dsouza" and "Director"........passed
Then Close the browser......................................................passed
]]></system-out>
</testcase>
<testcase classname="Deal data creation" name="Free CRM Create a new deal scenario" time="55.223378">
<system-out><![CDATA[Given user is already on Login Page_d.......................................passed
When title of login page is Free CRM........................................passed
Then user enters username and password......................................passed
Then user clicks on login button_d..........................................passed
Then user is on home page_d.................................................passed
Then user moves to new deal page............................................passed
Then user enters deal details...............................................passed
Then Close the browser......................................................passed
]]></system-out>
</testcase>
<testcase classname="Deal data creation" name="Free CRM Create a new deal scenario" time="88.355424">
<system-out><![CDATA[Given user is already on Login Page_........................................passed
When title of login page is Free CRM........................................passed
Then users enters username and password.....................................passed
Then users clicks on login buttoon..........................................passed
Then users is on home page..................................................passed
Then users moves to new deal page...........................................passed
Then users enters deal details..............................................passed
Then Close the browser......................................................passed
]]></system-out>
</testcase>
<testcase classname="Free CRM app test" name="free crm create deal test" time="0.003144">
<system-out><![CDATA[Given user is on deal page..................................................passed
When user fills the deals form..............................................passed
Then deal is created........................................................passed
]]></system-out>
</testcase>
<testcase classname="Free CRM app test" name="free crm create contact test" time="0.005837">
<system-out><![CDATA[Given user is on contact page...............................................passed
When user fills the contact form............................................passed
Then contact is created.....................................................passed
]]></system-out>
</testcase>
<testcase classname="Free CRM Login Feature" name="Free CRM Login Test Scenario" time="32.887548">
<system-out><![CDATA[Given user is already on Login Page.........................................passed
When title of login page is Free CRM........................................passed
Then user enters "naveenk" and "test@123"...................................passed
Then user clicks on login button............................................passed
Then user is on home page...................................................passed
Then Close the browser......................................................passed
]]></system-out>
</testcase>
<testcase classname="Free CRM Login Feature" name="Free CRM Login Test Scenarioes" time="29.290769">
<system-out><![CDATA[Given user is already on Login Page.........................................passed
When title of login page is Free CRM........................................passed
Then user enters "batchautomation" and "Test@12345".........................passed
Then user clicks on login button............................................passed
Then user is on home page...................................................passed
Then Close the browser......................................................passed
]]></system-out>
</testcase>
<testcase classname="Free CRM Login Feature" name="Free CRM Login Test Scenarioes 2" time="28.645649">
<system-out><![CDATA[Given user is already on Login Page.........................................passed
When title of login page is Free CRM........................................passed
Then user enters "tom" and "test456"........................................passed
Then user clicks on login button............................................passed
Then user is on home page...................................................passed
Then Close the browser......................................................passed
]]></system-out>
</testcase>
<testcase classname="Free CRM Login Feature" name="Free CRM Create a new contact scenario" time="43.308451">
<system-out><![CDATA[Given user is already on Login Page.........................................passed
When title of login page is Free CRM........................................passed
Then user enters "batchautomation" and "Test@12345".........................passed
Then user clicks on login button............................................passed
Then user is on home page...................................................passed
Then user moves to new contact page.........................................passed
Then user enters contact details "Tom" and "Peter" and "Manager"............passed
Then Close the browser......................................................passed
]]></system-out>
</testcase>
<testcase classname="Free CRM Login Feature" name="Free CRM Create a new contact scenario 2" time="51.939115">
<system-out><![CDATA[Given user is already on Login Page.........................................passed
When title of login page is Free CRM........................................passed
Then user enters "batchautomation" and "Test@12345".........................passed
Then user clicks on login button............................................passed
Then user is on home page...................................................passed
Then user moves to new contact page.........................................passed
Then user enters contact details "David" and "Dsouza" and "Director"........passed
Then Close the browser......................................................passed
]]></system-out>
</testcase>
<testcase classname="Test Tagged Hooks" name="This is First test" time="0.003429">
<system-out><![CDATA[Given this is the first step................................................passed
When this is the second step................................................passed
Then this is the third step.................................................passed
]]></system-out>
</testcase>
<testcase classname="Test Tagged Hooks" name="This is Second test" time="0.005196">
<system-out><![CDATA[Given this is the first step................................................passed
When this is the second step................................................passed
Then this is the third step.................................................passed
]]></system-out>
</testcase>
<testcase classname="Test Tagged Hooks" name="This is Third test" time="0.018012">
<system-out><![CDATA[Given this is the first step................................................passed
When this is the second step................................................passed
Then this is the third step.................................................passed
]]></system-out>
</testcase>
<testcase classname="Free CRM application testing" name="Login with correct username and correct password" time="0.004469">
<system-out><![CDATA[Given This is a valid login test............................................passed
]]></system-out>
</testcase>
<testcase classname="Free CRM application testing" name="Login with incorrect username and correct password" time="0.005624">
<system-out><![CDATA[Given This is a invalid login test..........................................passed
]]></system-out>
</testcase>
<testcase classname="Free CRM application testing" name="Create a contact" time="0.005205">
<system-out><![CDATA[Given This is a contact test case...........................................passed
]]></system-out>
</testcase>
<testcase classname="Free CRM application testing" name="Create a deal" time="0.003848">
<system-out><![CDATA[Given This is a deal test case..............................................passed
]]></system-out>
</testcase>
<testcase classname="Free CRM application testing" name="Create a tasks" time="0.003438">
<system-out><![CDATA[Given This is a tasks test case.............................................passed
]]></system-out>
</testcase>
<testcase classname="Free CRM application testing" name="Create a case" time="0.004076">
<system-out><![CDATA[Given This is a case test case..............................................passed
]]></system-out>
</testcase>
<testcase classname="Free CRM application testing" name="Verify left panel links" time="0.00397">
<system-out><![CDATA[Given clicking on left panel links..........................................passed
]]></system-out>
</testcase>
<testcase classname="Free CRM application testing" name="Search a deal" time="0.002382">
<system-out><![CDATA[Given This is a search deal test............................................passed
]]></system-out>
</testcase>
<testcase classname="Free CRM application testing" name="Search a contact" time="0.000987">
<system-out><![CDATA[Given This is a search contact test.........................................passed
]]></system-out>
</testcase>
<testcase classname="Free CRM application testing" name="Search a case" time="0.001002">
<system-out><![CDATA[Given This is a search case test............................................passed
]]></system-out>
</testcase>
<testcase classname="Free CRM application testing" name="Search a task" time="0.00101">
<system-out><![CDATA[Given This is a search task test............................................passed
]]></system-out>
</testcase>
<testcase classname="Free CRM application testing" name="Search a call" time="0.001436">
<system-out><![CDATA[Given This is a search call test............................................passed
]]></system-out>
</testcase>
<testcase classname="Free CRM application testing" name="Search an email" time="0.001167">
<system-out><![CDATA[Given This is a search email test...........................................passed
]]></system-out>
</testcase>
<testcase classname="Free CRM application testing" name="Search a docs" time="0.000981">
<system-out><![CDATA[Given This is a search docs test............................................passed
]]></system-out>
</testcase>
<testcase classname="Free CRM application testing" name="Search a forms" time="0.00091">
<system-out><![CDATA[Given This is a search forms test...........................................passed
]]></system-out>
</testcase>
<testcase classname="Free CRM application testing" name="validate a report" time="0.001748">
<system-out><![CDATA[Given This is a report test.................................................passed
]]></system-out>
</testcase>
<testcase classname="Free CRM application testing" name="Application Logout" time="0.001074">
<system-out><![CDATA[Given This is a logout test.................................................passed
]]></system-out>
</testcase>
<testcase classname="Free CRM application testing" name="browser closed" time="0.000902">
<system-out><![CDATA[Given This is a close broswer test..........................................passed
]]></system-out>
</testcase>
</testsuite>
